mode: set
github.com/nfx/slrp/sorter/sorter.go:11.45,12.17 1 1
github.com/nfx/slrp/sorter/sorter.go:12.17,16.31 4 0
github.com/nfx/slrp/sorter/sorter.go:19.3,19.37 1 0
github.com/nfx/slrp/sorter/sorter.go:16.31,18.4 1 0
github.com/nfx/slrp/sorter/sorter.go:19.37,21.4 1 0
github.com/nfx/slrp/sorter/sorter.go:22.8,23.37 1 1
github.com/nfx/slrp/sorter/sorter.go:23.37,25.4 1 1
github.com/nfx/slrp/sorter/sorter.go:35.36,37.2 1 0
github.com/nfx/slrp/sorter/sorter.go:41.37,43.2 1 0
github.com/nfx/slrp/sorter/sorter.go:47.35,49.2 1 1
github.com/nfx/slrp/sorter/sorter.go:53.36,55.2 1 1
github.com/nfx/slrp/sorter/sorter.go:59.34,61.2 1 0
github.com/nfx/slrp/sorter/sorter.go:65.35,67.2 1 0
github.com/nfx/slrp/sorter/sorter.go:71.37,73.32 2 0
github.com/nfx/slrp/sorter/sorter.go:76.2,76.18 1 0
github.com/nfx/slrp/sorter/sorter.go:79.2,79.24 1 0
github.com/nfx/slrp/sorter/sorter.go:73.32,75.3 1 0
github.com/nfx/slrp/sorter/sorter.go:76.18,78.3 1 0
github.com/nfx/slrp/sorter/sorter.go:84.38,86.19 2 1
github.com/nfx/slrp/sorter/sorter.go:94.2,94.14 1 1
github.com/nfx/slrp/sorter/sorter.go:86.19,87.22 1 1
github.com/nfx/slrp/sorter/sorter.go:90.3,90.22 1 1
github.com/nfx/slrp/sorter/sorter.go:87.22,89.4 1 1
github.com/nfx/slrp/sorter/sorter.go:90.22,91.9 1 1
github.com/nfx/slrp/ipinfo/mmdb.go:26.26,28.2 1 1
github.com/nfx/slrp/ipinfo/mmdb.go:30.48,32.25 2 0
github.com/nfx/slrp/ipinfo/mmdb.go:36.2,36.16 1 0
github.com/nfx/slrp/ipinfo/mmdb.go:39.2,41.16 3 0
github.com/nfx/slrp/ipinfo/mmdb.go:44.2,45.12 2 0
github.com/nfx/slrp/ipinfo/mmdb.go:32.25,35.3 1 0
github.com/nfx/slrp/ipinfo/mmdb.go:36.16,38.3 1 0
github.com/nfx/slrp/ipinfo/mmdb.go:41.16,43.3 1 0
github.com/nfx/slrp/ipinfo/mmdb.go:48.42,51.2 0 0
github.com/nfx/slrp/ipinfo/mmdb.go:55.68,58.16 3 0
github.com/nfx/slrp/ipinfo/mmdb.go:61.2,61.22 1 0
github.com/nfx/slrp/ipinfo/mmdb.go:64.2,65.16 2 0
github.com/nfx/slrp/ipinfo/mmdb.go:68.2,70.6 3 0
github.com/nfx/slrp/ipinfo/mmdb.go:83.2,83.61 1 0
github.com/nfx/slrp/ipinfo/mmdb.go:58.16,60.3 1 0
github.com/nfx/slrp/ipinfo/mmdb.go:61.22,63.3 1 0
github.com/nfx/slrp/ipinfo/mmdb.go:65.16,67.3 1 0
github.com/nfx/slrp/ipinfo/mmdb.go:70.6,72.20 2 0
github.com/nfx/slrp/ipinfo/mmdb.go:75.3,75.17 1 0
github.com/nfx/slrp/ipinfo/mmdb.go:78.3,78.47 1 0
github.com/nfx/slrp/ipinfo/mmdb.go:81.3,81.27 1 0
github.com/nfx/slrp/ipinfo/mmdb.go:72.20,73.9 1 0
github.com/nfx/slrp/ipinfo/mmdb.go:75.17,77.4 1 0
github.com/nfx/slrp/ipinfo/mmdb.go:78.47,79.12 1 0
github.com/nfx/slrp/ipinfo/mmdb.go:88.87,93.16 4 0
github.com/nfx/slrp/ipinfo/mmdb.go:97.2,98.19 2 0
github.com/nfx/slrp/ipinfo/mmdb.go:101.2,102.16 2 0
github.com/nfx/slrp/ipinfo/mmdb.go:105.2,106.16 2 0
github.com/nfx/slrp/ipinfo/mmdb.go:109.2,110.16 2 0
github.com/nfx/slrp/ipinfo/mmdb.go:113.2,115.16 3 0
github.com/nfx/slrp/ipinfo/mmdb.go:118.2,118.28 1 0
github.com/nfx/slrp/ipinfo/mmdb.go:93.16,96.3 1 0
github.com/nfx/slrp/ipinfo/mmdb.go:98.19,100.3 1 0
github.com/nfx/slrp/ipinfo/mmdb.go:102.16,104.3 1 0
github.com/nfx/slrp/ipinfo/mmdb.go:106.16,108.3 1 0
github.com/nfx/slrp/ipinfo/mmdb.go:110.16,112.3 1 0
github.com/nfx/slrp/ipinfo/mmdb.go:115.16,117.3 1 0
github.com/nfx/slrp/ipinfo/mmdb.go:141.31,144.2 2 0
github.com/nfx/slrp/ipinfo/mmdb.go:149.35,151.2 1 1
github.com/nfx/slrp/ipinfo/mmdb.go:153.48,154.20 1 1
github.com/nfx/slrp/ipinfo/mmdb.go:158.2,165.13 8 0
github.com/nfx/slrp/ipinfo/mmdb.go:154.20,156.3 1 1
github.com/nfx/slrp/stats/sources.go:12.49,13.22 1 1
github.com/nfx/slrp/stats/sources.go:18.2,18.8 1 1
github.com/nfx/slrp/stats/sources.go:13.22,14.28 1 1
github.com/nfx/slrp/stats/sources.go:14.28,16.4 1 1
github.com/nfx/slrp/stats/sources.go:21.45,23.9 2 1
github.com/nfx/slrp/stats/sources.go:26.2,26.31 1 1
github.com/nfx/slrp/stats/sources.go:23.9,25.3 1 1
github.com/nfx/slrp/stats/sources.go:29.34,35.22 4 0
github.com/nfx/slrp/stats/sources.go:49.2,52.47 3 0
github.com/nfx/slrp/stats/sources.go:35.22,37.19 2 0
github.com/nfx/slrp/stats/sources.go:40.3,47.23 6 0
github.com/nfx/slrp/stats/sources.go:37.19,39.4 1 0
github.com/nfx/slrp/stats/stats.go:39.30,41.2 1 1
github.com/nfx/slrp/stats/stats.go:43.31,45.2 1 1
github.com/nfx/slrp/stats/stats.go:75.24,81.2 1 1
github.com/nfx/slrp/stats/stats.go:83.40,85.2 1 1
github.com/nfx/slrp/stats/stats.go:87.36,92.2 1 1
github.com/nfx/slrp/stats/stats.go:94.54,100.2 1 1
github.com/nfx/slrp/stats/stats.go:102.53,107.2 1 1
github.com/nfx/slrp/stats/stats.go:109.47,115.2 1 1
github.com/nfx/slrp/stats/stats.go:117.36,122.2 4 1
github.com/nfx/slrp/stats/stats.go:124.63,126.2 1 0
github.com/nfx/slrp/stats/stats.go:128.40,130.9 2 1
github.com/nfx/slrp/stats/stats.go:136.2,136.17 1 1
github.com/nfx/slrp/stats/stats.go:174.2,174.26 1 1
github.com/nfx/slrp/stats/stats.go:179.2,179.25 1 1
github.com/nfx/slrp/stats/stats.go:183.2,183.67 1 1
github.com/nfx/slrp/stats/stats.go:187.2,187.27 1 1
github.com/nfx/slrp/stats/stats.go:130.9,135.3 2 1
github.com/nfx/slrp/stats/stats.go:137.16,138.25 1 1
github.com/nfx/slrp/stats/stats.go:141.3,146.31 2 1
github.com/nfx/slrp/stats/stats.go:147.17,148.19 1 1
github.com/nfx/slrp/stats/stats.go:149.15,151.17 2 1
github.com/nfx/slrp/stats/stats.go:152.11,154.13 2 1
github.com/nfx/slrp/stats/stats.go:155.15,157.17 2 1
github.com/nfx/slrp/stats/stats.go:158.13,160.15 2 1
github.com/nfx/slrp/stats/stats.go:161.15,163.18 2 1
github.com/nfx/slrp/stats/stats.go:164.19,166.21 2 1
github.com/nfx/slrp/stats/stats.go:167.16,169.19 2 1
github.com/nfx/slrp/stats/stats.go:138.25,140.4 1 1
github.com/nfx/slrp/stats/stats.go:169.19,172.4 2 1
github.com/nfx/slrp/stats/stats.go:174.26,178.3 3 1
github.com/nfx/slrp/stats/stats.go:179.25,182.3 1 1
github.com/nfx/slrp/stats/stats.go:183.67,186.3 2 1
github.com/nfx/slrp/stats/stats.go:190.39,191.6 1 1
github.com/nfx/slrp/stats/stats.go:191.6,192.10 1 1
github.com/nfx/slrp/stats/stats.go:193.21,194.10 1 1
github.com/nfx/slrp/stats/stats.go:195.25,197.19 2 1
github.com/nfx/slrp/stats/stats.go:198.28,200.32 2 1
github.com/nfx/slrp/stats/stats.go:203.4,203.19 1 1
github.com/nfx/slrp/stats/stats.go:200.32,202.5 1 1
github.com/nfx/slrp/stats/stats.go:208.49,213.2 4 1
github.com/nfx/slrp/stats/stats.go:215.52,218.16 3 1
github.com/nfx/slrp/stats/stats.go:222.2,222.30 1 1
github.com/nfx/slrp/stats/stats.go:228.2,228.12 1 1
github.com/nfx/slrp/stats/stats.go:218.16,220.3 1 1
github.com/nfx/slrp/stats/stats.go:222.30,223.22 1 1
github.com/nfx/slrp/stats/stats.go:223.22,226.4 1 1
github.com/nfx/slrp/ql/ast.go:24.50,27.2 2 1
github.com/nfx/slrp/ql/ast.go:29.52,32.41 3 1
github.com/nfx/slrp/ql/ast.go:36.2,36.31 1 1
github.com/nfx/slrp/ql/ast.go:32.41,35.3 1 0
github.com/nfx/slrp/ql/ast.go:43.58,44.26 1 1
github.com/nfx/slrp/ql/ast.go:53.2,53.18 1 1
github.com/nfx/slrp/ql/ast.go:44.26,46.17 2 1
github.com/nfx/slrp/ql/ast.go:49.3,49.14 1 1
github.com/nfx/slrp/ql/ast.go:46.17,48.4 1 0
github.com/nfx/slrp/ql/ast.go:49.14,51.4 1 1
github.com/nfx/slrp/ql/ast.go:65.35,66.25 1 1
github.com/nfx/slrp/ql/ast.go:69.2,70.30 2 1
github.com/nfx/slrp/ql/ast.go:77.2,77.63 1 1
github.com/nfx/slrp/ql/ast.go:85.2,85.12 1 1
github.com/nfx/slrp/ql/ast.go:66.25,68.3 1 0
github.com/nfx/slrp/ql/ast.go:70.30,72.17 2 1
github.com/nfx/slrp/ql/ast.go:75.3,75.43 1 1
github.com/nfx/slrp/ql/ast.go:72.17,74.4 1 0
github.com/nfx/slrp/ql/ast.go:77.63,80.36 3 1
github.com/nfx/slrp/ql/ast.go:83.3,83.15 1 1
github.com/nfx/slrp/ql/ast.go:80.36,82.4 1 1
github.com/nfx/slrp/ql/ast.go:93.28,95.2 1 0
github.com/nfx/slrp/ql/ast.go:97.29,99.2 1 0
github.com/nfx/slrp/ql/ast.go:103.41,105.4 1 0
github.com/nfx/slrp/ql/ast.go:106.42,108.4 1 1
github.com/nfx/slrp/ql/ast.go:111.41,113.4 1 0
github.com/nfx/slrp/ql/ast.go:114.42,116.4 1 0
github.com/nfx/slrp/ql/ast.go:119.41,121.4 1 0
github.com/nfx/slrp/ql/ast.go:122.42,124.4 1 0
github.com/nfx/slrp/ql/ast.go:128.104,130.9 2 1
github.com/nfx/slrp/ql/ast.go:133.2,133.23 1 1
github.com/nfx/slrp/ql/ast.go:136.2,138.29 3 1
github.com/nfx/slrp/ql/ast.go:164.2,164.95 1 0
github.com/nfx/slrp/ql/ast.go:130.9,132.3 1 0
github.com/nfx/slrp/ql/ast.go:133.23,135.3 1 1
github.com/nfx/slrp/ql/ast.go:139.22,140.48 1 1
github.com/nfx/slrp/ql/ast.go:144.23,145.48 1 0
github.com/nfx/slrp/ql/ast.go:150.19,151.48 1 0
github.com/nfx/slrp/ql/ast.go:156.20,158.48 1 0
github.com/nfx/slrp/ql/ast.go:140.48,143.4 2 1
github.com/nfx/slrp/ql/ast.go:145.48,149.4 3 0
github.com/nfx/slrp/ql/ast.go:151.48,155.4 3 0
github.com/nfx/slrp/ql/ast.go:158.48,162.4 3 0
github.com/nfx/slrp/ql/ast.go:171.61,172.26 1 1
github.com/nfx/slrp/ql/ast.go:181.2,181.19 1 1
github.com/nfx/slrp/ql/ast.go:172.26,174.17 2 1
github.com/nfx/slrp/ql/ast.go:177.3,177.14 1 1
github.com/nfx/slrp/ql/ast.go:174.17,176.4 1 0
github.com/nfx/slrp/ql/ast.go:177.14,179.4 1 1
github.com/nfx/slrp/ql/ast.go:189.57,190.18 1 1
github.com/nfx/slrp/ql/ast.go:194.2,194.28 1 1
github.com/nfx/slrp/ql/ast.go:190.18,193.3 2 0
github.com/nfx/slrp/ql/ast.go:202.65,204.16 2 1
github.com/nfx/slrp/ql/ast.go:207.2,207.21 1 1
github.com/nfx/slrp/ql/ast.go:217.2,218.16 2 1
github.com/nfx/slrp/ql/ast.go:221.2,221.27 1 1
github.com/nfx/slrp/ql/ast.go:258.2,258.83 1 0
github.com/nfx/slrp/ql/ast.go:204.16,206.3 1 0
github.com/nfx/slrp/ql/ast.go:207.21,209.9 2 0
github.com/nfx/slrp/ql/ast.go:215.3,215.60 1 0
github.com/nfx/slrp/ql/ast.go:209.9,211.4 1 0
github.com/nfx/slrp/ql/ast.go:218.16,220.3 1 0
github.com/nfx/slrp/ql/ast.go:222.18,223.28 1 0
github.com/nfx/slrp/ql/ast.go:224.16,225.28 1 0
github.com/nfx/slrp/ql/ast.go:226.11,228.34 1 1
github.com/nfx/slrp/ql/ast.go:229.11,230.27 1 0
github.com/nfx/slrp/ql/ast.go:236.12,237.27 1 0
github.com/nfx/slrp/ql/ast.go:243.11,244.27 1 0
github.com/nfx/slrp/ql/ast.go:250.12,251.27 1 0
github.com/nfx/slrp/ql/ast.go:231.16,232.35 1 0
github.com/nfx/slrp/ql/ast.go:233.15,234.34 1 0
github.com/nfx/slrp/ql/ast.go:238.16,239.36 1 0
github.com/nfx/slrp/ql/ast.go:240.15,241.35 1 0
github.com/nfx/slrp/ql/ast.go:245.16,246.35 1 0
github.com/nfx/slrp/ql/ast.go:247.15,248.34 1 0
github.com/nfx/slrp/ql/ast.go:252.16,253.36 1 0
github.com/nfx/slrp/ql/ast.go:254.15,255.35 1 0
github.com/nfx/slrp/ql/ast.go:278.60,279.21 1 1
github.com/nfx/slrp/ql/ast.go:317.2,317.26 1 0
github.com/nfx/slrp/ql/ast.go:279.21,281.3 1 0
github.com/nfx/slrp/ql/ast.go:281.8,281.32 1 1
github.com/nfx/slrp/ql/ast.go:281.32,282.35 1 1
github.com/nfx/slrp/ql/ast.go:285.3,286.34 2 1
github.com/nfx/slrp/ql/ast.go:289.3,289.26 1 1
github.com/nfx/slrp/ql/ast.go:305.3,306.23 1 0
github.com/nfx/slrp/ql/ast.go:282.35,284.4 1 1
github.com/nfx/slrp/ql/ast.go:286.34,288.4 1 0
github.com/nfx/slrp/ql/ast.go:290.12,291.26 1 0
github.com/nfx/slrp/ql/ast.go:292.14,293.26 1 0
github.com/nfx/slrp/ql/ast.go:294.16,295.17 1 0
github.com/nfx/slrp/ql/ast.go:296.18,298.33 1 0
github.com/nfx/slrp/ql/ast.go:299.22,301.26 1 0
github.com/nfx/slrp/ql/ast.go:302.15,303.17 1 1
github.com/nfx/slrp/ql/ast.go:307.8,307.28 1 0
github.com/nfx/slrp/ql/ast.go:307.28,309.3 1 0
github.com/nfx/slrp/ql/ast.go:309.8,309.30 1 0
github.com/nfx/slrp/ql/ast.go:309.30,311.17 2 0
github.com/nfx/slrp/ql/ast.go:314.3,315.31 2 0
github.com/nfx/slrp/ql/ast.go:311.17,313.4 1 0
github.com/nfx/slrp/ql/ast.go:322.13,339.2 1 1
github.com/nfx/slrp/ql/ast.go:341.47,342.17 1 1
github.com/nfx/slrp/ql/ast.go:345.2,346.8 2 1
github.com/nfx/slrp/ql/ast.go:342.17,344.3 1 0
github.com/nfx/slrp/ql/ast.go:355.39,356.25 1 0
github.com/nfx/slrp/ql/ast.go:356.25,358.3 1 0
github.com/nfx/slrp/ql/ast.go:363.39,364.18 1 0
github.com/nfx/slrp/ql/ast.go:364.18,366.3 1 0
github.com/nfx/slrp/ql/ast.go:370.31,372.16 2 1
github.com/nfx/slrp/ql/ast.go:375.2,375.25 1 1
github.com/nfx/slrp/ql/ast.go:378.2,381.16 4 1
github.com/nfx/slrp/ql/ast.go:384.2,386.16 3 1
github.com/nfx/slrp/ql/ast.go:389.2,389.19 1 1
github.com/nfx/slrp/ql/ast.go:392.2,393.12 2 1
github.com/nfx/slrp/ql/ast.go:372.16,374.3 1 0
github.com/nfx/slrp/ql/ast.go:375.25,377.3 1 0
github.com/nfx/slrp/ql/ast.go:381.16,383.3 1 0
github.com/nfx/slrp/ql/ast.go:386.16,388.3 1 0
github.com/nfx/slrp/ql/ast.go:389.19,391.3 1 1
github.com/nfx/slrp/ql/ast.go:396.71,400.45 4 1
github.com/nfx/slrp/ql/ast.go:404.2,404.17 1 1
github.com/nfx/slrp/ql/ast.go:400.45,403.3 2 1
github.com/nfx/slrp/ql/ast.go:408.49,409.25 1 1
github.com/nfx/slrp/ql/ast.go:413.2,413.33 1 1
github.com/nfx/slrp/ql/ast.go:424.2,424.12 1 1
github.com/nfx/slrp/ql/ast.go:409.25,412.3 1 0
github.com/nfx/slrp/ql/ast.go:413.33,417.17 4 1
github.com/nfx/slrp/ql/ast.go:420.3,420.14 1 1
github.com/nfx/slrp/ql/ast.go:417.17,419.4 1 0
github.com/nfx/slrp/ql/ast.go:420.14,422.4 1 1
github.com/nfx/slrp/ql/ast.go:427.45,428.16 1 1
github.com/nfx/slrp/ql/ast.go:432.2,432.23 1 1
github.com/nfx/slrp/ql/ast.go:436.2,436.24 1 1
github.com/nfx/slrp/ql/ast.go:428.16,431.3 1 0
github.com/nfx/slrp/ql/ast.go:432.23,435.3 1 0
github.com/nfx/slrp/pmux/util.go:16.13,19.2 2 1
github.com/nfx/slrp/pmux/util.go:21.38,24.16 3 1
github.com/nfx/slrp/pmux/util.go:24.16,26.3 1 1
github.com/nfx/slrp/pmux/util.go:29.65,33.2 3 1
github.com/nfx/slrp/pmux/util.go:35.33,37.49 1 1
github.com/nfx/slrp/pmux/util.go:37.49,39.29 2 1
github.com/nfx/slrp/pmux/util.go:63.4,66.11 4 1
github.com/nfx/slrp/pmux/util.go:70.4,72.18 3 1
github.com/nfx/slrp/pmux/util.go:77.4,78.18 2 1
github.com/nfx/slrp/pmux/util.go:83.4,84.25 2 1
github.com/nfx/slrp/pmux/util.go:39.29,43.19 4 1
github.com/nfx/slrp/pmux/util.go:48.5,49.35 2 1
github.com/nfx/slrp/pmux/util.go:54.5,56.19 3 1
github.com/nfx/slrp/pmux/util.go:60.5,60.11 1 1
github.com/nfx/slrp/pmux/util.go:43.19,47.6 3 0
github.com/nfx/slrp/pmux/util.go:49.35,50.27 1 1
github.com/nfx/slrp/pmux/util.go:50.27,52.7 1 1
github.com/nfx/slrp/pmux/util.go:56.19,59.6 2 0
github.com/nfx/slrp/pmux/util.go:66.11,69.5 2 0
github.com/nfx/slrp/pmux/util.go:72.18,76.5 3 0
github.com/nfx/slrp/pmux/util.go:78.18,82.5 3 0
github.com/nfx/slrp/pmux/proxy.go:43.28,50.2 6 0
github.com/nfx/slrp/pmux/proxy.go:52.33,60.2 6 1
github.com/nfx/slrp/pmux/proxy.go:62.30,64.2 1 1
github.com/nfx/slrp/pmux/proxy.go:66.30,68.2 1 1
github.com/nfx/slrp/pmux/proxy.go:70.32,72.2 1 1
github.com/nfx/slrp/pmux/proxy.go:74.31,79.2 1 0
github.com/nfx/slrp/pmux/proxy.go:81.32,83.2 1 1
github.com/nfx/slrp/pmux/proxy.go:85.46,87.2 1 0
github.com/nfx/slrp/pmux/proxy.go:93.63,95.2 1 1
github.com/nfx/slrp/pmux/proxy.go:97.29,99.2 1 0
github.com/nfx/slrp/pmux/proxy.go:101.32,103.2 1 1
github.com/nfx/slrp/pmux/proxy.go:105.40,107.16 2 0
github.com/nfx/slrp/pmux/proxy.go:110.2,110.15 1 0
github.com/nfx/slrp/pmux/proxy.go:107.16,109.3 1 0
github.com/nfx/slrp/pmux/proxy.go:113.53,115.14 2 1
github.com/nfx/slrp/pmux/proxy.go:118.2,119.9 2 1
github.com/nfx/slrp/pmux/proxy.go:122.2,122.14 1 1
github.com/nfx/slrp/pmux/proxy.go:115.14,117.3 1 0
github.com/nfx/slrp/pmux/proxy.go:119.9,121.3 1 0
github.com/nfx/slrp/pmux/proxy.go:129.89,132.29 2 1
github.com/nfx/slrp/pmux/proxy.go:141.2,142.16 2 0
github.com/nfx/slrp/pmux/proxy.go:145.2,145.35 1 0
github.com/nfx/slrp/pmux/proxy.go:132.29,140.3 1 1
github.com/nfx/slrp/pmux/proxy.go:142.16,144.3 1 0
github.com/nfx/slrp/pmux/proxy.go:148.66,150.12 2 1
github.com/nfx/slrp/pmux/proxy.go:153.2,153.18 1 1
github.com/nfx/slrp/pmux/proxy.go:158.2,161.8 1 1
github.com/nfx/slrp/pmux/proxy.go:150.12,152.3 1 0
github.com/nfx/slrp/pmux/proxy.go:153.18,156.3 1 0
github.com/nfx/slrp/pmux/proxy.go:164.48,172.2 1 0
github.com/nfx/slrp/pmux/proxy.go:174.44,176.16 2 1
github.com/nfx/slrp/pmux/proxy.go:179.2,180.9 2 1
github.com/nfx/slrp/pmux/proxy.go:183.2,185.25 3 1
github.com/nfx/slrp/pmux/proxy.go:191.2,193.37 3 1
github.com/nfx/slrp/pmux/proxy.go:176.16,178.3 1 0
github.com/nfx/slrp/pmux/proxy.go:180.9,182.3 1 0
github.com/nfx/slrp/pmux/proxy.go:185.25,187.12 2 1
github.com/nfx/slrp/pmux/proxy.go:187.12,189.4 1 1
github.com/nfx/slrp/pmux/proxy.go:196.35,198.2 1 1
github.com/nfx/slrp/pmux/proxy.go:200.36,202.2 1 1
github.com/nfx/slrp/pmux/proxy.go:204.37,206.2 1 0
github.com/nfx/slrp/pmux/proxy.go:208.37,210.2 1 0
github.com/nfx/slrp/pool/entry.go:31.28,34.2 2 0
github.com/nfx/slrp/pool/entry.go:36.31,39.33 3 0
github.com/nfx/slrp/pool/entry.go:47.2,50.32 3 0
github.com/nfx/slrp/pool/entry.go:39.33,42.3 2 0
github.com/nfx/slrp/pool/entry.go:42.8,46.3 2 0
github.com/nfx/slrp/pool/entry.go:53.40,60.23 4 0
github.com/nfx/slrp/pool/entry.go:60.23,62.3 1 0
github.com/nfx/slrp/pool/entry.go:67.56,75.33 3 1
github.com/nfx/slrp/pool/entry.go:79.2,79.32 1 1
github.com/nfx/slrp/pool/entry.go:85.2,85.11 1 1
github.com/nfx/slrp/pool/entry.go:108.2,111.14 4 1
github.com/nfx/slrp/pool/entry.go:75.33,78.3 2 1
github.com/nfx/slrp/pool/entry.go:79.32,84.3 4 1
github.com/nfx/slrp/pool/entry.go:85.11,89.3 2 1
github.com/nfx/slrp/pool/entry.go:114.42,115.31 1 0
github.com/nfx/slrp/pool/entry.go:118.2,119.33 2 0
github.com/nfx/slrp/pool/entry.go:122.2,125.13 4 0
github.com/nfx/slrp/pool/entry.go:115.31,117.3 1 0
github.com/nfx/slrp/pool/entry.go:119.33,121.3 1 0
github.com/nfx/slrp/pool/entry.go:128.34,130.11 2 0
github.com/nfx/slrp/pool/entry.go:130.11,133.3 2 0
github.com/nfx/slrp/pool/entry.go:136.47,138.26 2 0
github.com/nfx/slrp/pool/entry.go:141.2,141.12 1 0
github.com/nfx/slrp/pool/entry.go:138.26,140.3 1 0
github.com/nfx/slrp/pool/entry.go:144.39,146.2 1 0
github.com/nfx/slrp/pool/entry.go:148.39,150.2 1 0
github.com/nfx/slrp/pool/entry.go:152.47,155.2 2 0
github.com/nfx/slrp/pool/entry.go:157.38,159.2 1 0
github.com/nfx/slrp/pool/entry.go:161.36,162.31 1 1
github.com/nfx/slrp/pool/entry.go:165.2,166.33 2 1
github.com/nfx/slrp/pool/entry.go:169.2,170.39 2 1
github.com/nfx/slrp/pool/entry.go:162.31,164.3 1 1
github.com/nfx/slrp/pool/entry.go:166.33,168.3 1 0
github.com/nfx/slrp/pool/entry.go:173.33,176.11 3 0
github.com/nfx/slrp/pool/entry.go:179.2,181.70 1 0
github.com/nfx/slrp/pool/entry.go:176.11,178.3 1 0
github.com/nfx/slrp/pool/pool.go:32.46,47.2 1 0
github.com/nfx/slrp/pool/pool.go:49.42,52.29 3 0
github.com/nfx/slrp/pool/pool.go:58.2,59.40 2 0
github.com/nfx/slrp/pool/pool.go:52.29,57.3 4 0
github.com/nfx/slrp/pool/pool.go:59.40,63.3 3 0
github.com/nfx/slrp/pool/pool.go:66.47,67.6 1 0
github.com/nfx/slrp/pool/pool.go:67.6,68.10 1 0
github.com/nfx/slrp/pool/pool.go:69.21,70.10 1 0
github.com/nfx/slrp/pool/pool.go:71.25,80.5 3 0
github.com/nfx/slrp/pool/pool.go:85.43,88.6 3 0
github.com/nfx/slrp/pool/pool.go:88.6,90.20 1 0
github.com/nfx/slrp/pool/pool.go:101.3,101.10 1 0
github.com/nfx/slrp/pool/pool.go:90.20,91.11 1 0
github.com/nfx/slrp/pool/pool.go:92.22,93.11 1 0
github.com/nfx/slrp/pool/pool.go:94.24,98.42 2 0
github.com/nfx/slrp/pool/pool.go:102.21,103.10 1 0
github.com/nfx/slrp/pool/pool.go:104.29,106.14 2 0
github.com/nfx/slrp/pool/pool.go:117.44,124.6 6 0
github.com/nfx/slrp/pool/pool.go:124.6,130.10 2 0
github.com/nfx/slrp/pool/pool.go:131.21,132.10 1 0
github.com/nfx/slrp/pool/pool.go:133.20,136.59 3 0
github.com/nfx/slrp/pool/pool.go:137.16,140.15 3 0
github.com/nfx/slrp/pool/pool.go:140.15,143.5 1 0
github.com/nfx/slrp/pool/pool.go:148.48,152.29 3 0
github.com/nfx/slrp/pool/pool.go:164.2,164.12 1 0
github.com/nfx/slrp/pool/pool.go:168.2,168.20 1 0
github.com/nfx/slrp/pool/pool.go:171.2,172.8 2 0
github.com/nfx/slrp/pool/pool.go:152.29,156.13 4 0
github.com/nfx/slrp/pool/pool.go:156.13,162.4 5 0
github.com/nfx/slrp/pool/pool.go:164.12,167.3 2 0
github.com/nfx/slrp/pool/pool.go:168.20,170.3 1 0
github.com/nfx/slrp/pool/pool.go:186.65,188.18 2 0
github.com/nfx/slrp/pool/pool.go:191.2,193.75 3 0
github.com/nfx/slrp/pool/pool.go:222.2,222.20 1 0
github.com/nfx/slrp/pool/pool.go:188.18,190.3 1 0
github.com/nfx/slrp/pool/pool.go:193.75,196.26 3 0
github.com/nfx/slrp/pool/pool.go:213.3,220.4 1 0
github.com/nfx/slrp/pool/pool.go:196.26,197.27 1 0
github.com/nfx/slrp/pool/pool.go:207.4,207.12 1 0
github.com/nfx/slrp/pool/pool.go:210.4,211.26 2 0
github.com/nfx/slrp/pool/pool.go:198.19,199.11 1 0
github.com/nfx/slrp/pool/pool.go:200.20,201.12 1 0
github.com/nfx/slrp/pool/pool.go:202.21,203.13 1 0
github.com/nfx/slrp/pool/pool.go:204.21,205.13 1 0
github.com/nfx/slrp/pool/pool.go:207.12,209.5 1 0
github.com/nfx/slrp/pool/pool.go:225.35,227.2 1 0
github.com/nfx/slrp/pool/pool.go:229.83,232.2 2 0
github.com/nfx/slrp/pool/pool.go:234.49,240.2 5 0
github.com/nfx/slrp/pool/pool.go:242.67,244.36 2 0
github.com/nfx/slrp/pool/pool.go:250.2,251.46 2 0
github.com/nfx/slrp/pool/pool.go:244.36,245.30 1 0
github.com/nfx/slrp/pool/pool.go:248.3,248.33 1 0
github.com/nfx/slrp/pool/pool.go:245.30,246.12 1 0
github.com/nfx/slrp/pool/pool.go:255.100,258.36 2 0
github.com/nfx/slrp/pool/pool.go:264.2,265.6 2 0
github.com/nfx/slrp/pool/pool.go:258.36,259.30 1 0
github.com/nfx/slrp/pool/pool.go:262.3,262.33 1 0
github.com/nfx/slrp/pool/pool.go:259.30,260.12 1 0
github.com/nfx/slrp/pool/pool.go:265.6,268.10 3 0
github.com/nfx/slrp/pool/pool.go:269.21,270.20 1 0
github.com/nfx/slrp/pool/pool.go:271.11,274.35 3 0
github.com/nfx/slrp/pool/pool.go:279.4,279.14 1 0
github.com/nfx/slrp/pool/pool.go:274.35,277.13 3 0
github.com/nfx/slrp/pool/pool.go:286.55,292.2 5 0
github.com/nfx/slrp/pool/pool.go:294.80,302.50 6 0
github.com/nfx/slrp/pool/pool.go:322.2,324.6 3 0
github.com/nfx/slrp/pool/pool.go:302.50,321.3 3 0
github.com/nfx/slrp/pool/pool.go:324.6,327.23 3 0
github.com/nfx/slrp/pool/pool.go:334.3,347.17 6 0
github.com/nfx/slrp/pool/pool.go:357.3,357.18 1 0
github.com/nfx/slrp/pool/pool.go:327.23,333.4 2 0
github.com/nfx/slrp/pool/pool.go:347.17,348.12 1 0
github.com/nfx/slrp/pool/pool.go:361.51,366.2 4 0
github.com/nfx/slrp/pool/pool.go:368.54,372.16 4 0
github.com/nfx/slrp/pool/pool.go:375.2,375.29 1 0
github.com/nfx/slrp/pool/pool.go:379.2,379.12 1 0
github.com/nfx/slrp/pool/pool.go:372.16,374.3 1 0
github.com/nfx/slrp/pool/pool.go:375.29,378.3 2 0
github.com/nfx/slrp/pool/shard.go:68.67,78.2 9 0
github.com/nfx/slrp/pool/shard.go:80.42,81.6 1 0
github.com/nfx/slrp/pool/shard.go:81.6,82.10 1 0
github.com/nfx/slrp/pool/shard.go:83.21,84.10 1 0
github.com/nfx/slrp/pool/shard.go:85.31,87.32 2 0
github.com/nfx/slrp/pool/shard.go:90.4,90.19 1 0
github.com/nfx/slrp/pool/shard.go:91.24,92.30 1 0
github.com/nfx/slrp/pool/shard.go:95.25,96.25 1 0
github.com/nfx/slrp/pool/shard.go:97.27,99.19 2 0
github.com/nfx/slrp/pool/shard.go:100.29,102.19 2 0
github.com/nfx/slrp/pool/shard.go:103.29,104.25 1 0
github.com/nfx/slrp/pool/shard.go:105.26,106.23 1 0
github.com/nfx/slrp/pool/shard.go:87.32,89.5 1 0
github.com/nfx/slrp/pool/shard.go:92.30,94.5 1 0
github.com/nfx/slrp/pool/shard.go:111.43,113.30 2 0
github.com/nfx/slrp/pool/shard.go:118.2,118.18 1 0
github.com/nfx/slrp/pool/shard.go:113.30,114.42 1 0
github.com/nfx/slrp/pool/shard.go:114.42,116.4 1 0
github.com/nfx/slrp/pool/shard.go:121.37,122.30 1 0
github.com/nfx/slrp/pool/shard.go:122.30,124.3 1 0
github.com/nfx/slrp/pool/shard.go:127.43,130.33 3 0
github.com/nfx/slrp/pool/shard.go:137.2,138.18 2 0
github.com/nfx/slrp/pool/shard.go:130.33,131.25 1 0
github.com/nfx/slrp/pool/shard.go:135.3,135.37 1 0
github.com/nfx/slrp/pool/shard.go:131.25,133.12 2 0
github.com/nfx/slrp/pool/shard.go:141.36,152.47 3 0
github.com/nfx/slrp/pool/shard.go:155.2,156.74 2 0
github.com/nfx/slrp/pool/shard.go:152.47,154.3 1 0
github.com/nfx/slrp/pool/shard.go:159.58,161.15 2 0
github.com/nfx/slrp/pool/shard.go:167.2,175.29 3 0
github.com/nfx/slrp/pool/shard.go:182.2,182.12 1 0
github.com/nfx/slrp/pool/shard.go:161.15,163.3 1 0
github.com/nfx/slrp/pool/shard.go:175.29,177.37 2 0
github.com/nfx/slrp/pool/shard.go:180.3,180.11 1 0
github.com/nfx/slrp/pool/shard.go:177.37,178.12 1 0
github.com/nfx/slrp/pool/shard.go:185.45,189.18 3 0
github.com/nfx/slrp/pool/shard.go:206.2,210.12 5 0
github.com/nfx/slrp/pool/shard.go:189.18,200.3 4 0
github.com/nfx/slrp/pool/shard.go:210.12,214.10 1 0
github.com/nfx/slrp/pool/shard.go:215.21,216.10 1 0
github.com/nfx/slrp/pool/shard.go:221.5,221.5 0 0
github.com/nfx/slrp/pool/shard.go:226.41,232.41 6 0
github.com/nfx/slrp/pool/shard.go:235.2,236.16 2 0
github.com/nfx/slrp/pool/shard.go:251.2,258.27 3 0
github.com/nfx/slrp/pool/shard.go:270.2,270.20 1 0
github.com/nfx/slrp/pool/shard.go:232.41,234.3 1 0
github.com/nfx/slrp/pool/shard.go:236.16,249.3 9 0
github.com/nfx/slrp/pool/shard.go:258.27,268.3 4 0
github.com/nfx/slrp/pool/shard.go:273.41,274.14 1 0
github.com/nfx/slrp/pool/shard.go:277.2,277.8 1 0
github.com/nfx/slrp/pool/shard.go:274.14,276.3 1 0
github.com/nfx/slrp/pool/shard.go:280.54,282.23 2 0
github.com/nfx/slrp/pool/shard.go:292.2,307.34 2 0
github.com/nfx/slrp/pool/shard.go:311.2,311.38 1 0
github.com/nfx/slrp/pool/shard.go:314.2,314.25 1 0
github.com/nfx/slrp/pool/shard.go:282.23,288.3 1 0
github.com/nfx/slrp/pool/shard.go:288.8,291.3 2 0
github.com/nfx/slrp/pool/shard.go:307.34,310.3 1 0
github.com/nfx/slrp/pool/shard.go:311.38,313.3 1 0
github.com/nfx/slrp/pool/sort_strategy.go:11.37,12.47 1 0
github.com/nfx/slrp/pool/sort_strategy.go:12.47,21.3 2 0
github.com/nfx/slrp/pool/sort_strategy.go:24.38,25.47 1 0
github.com/nfx/slrp/pool/sort_strategy.go:25.47,34.3 2 0
github.com/nfx/slrp/pool/sort_strategy.go:37.32,38.47 1 0
github.com/nfx/slrp/pool/sort_strategy.go:38.47,47.3 2 0
github.com/nfx/slrp/htmltable/table_finder.go:23.59,29.2 3 1
github.com/nfx/slrp/htmltable/table_finder.go:31.41,33.16 2 1
github.com/nfx/slrp/htmltable/table_finder.go:36.2,36.64 1 1
github.com/nfx/slrp/htmltable/table_finder.go:42.2,42.12 1 1
github.com/nfx/slrp/htmltable/table_finder.go:33.16,35.3 1 0
github.com/nfx/slrp/htmltable/table_finder.go:36.64,38.15 2 1
github.com/nfx/slrp/htmltable/table_finder.go:38.15,40.4 1 1
github.com/nfx/slrp/htmltable/table_finder.go:45.45,47.2 1 1
github.com/nfx/slrp/htmltable/table_finder.go:54.41,56.2 1 0
github.com/nfx/slrp/htmltable/table_finder.go:58.62,60.16 2 1
github.com/nfx/slrp/htmltable/table_finder.go:64.2,64.18 1 1
github.com/nfx/slrp/htmltable/table_finder.go:60.16,63.3 1 0
github.com/nfx/slrp/htmltable/table_finder.go:67.29,69.2 1 1
github.com/nfx/slrp/htmltable/table_finder.go:71.69,73.9 2 1
github.com/nfx/slrp/htmltable/table_finder.go:77.2,78.16 2 1
github.com/nfx/slrp/htmltable/table_finder.go:81.2,81.12 1 1
github.com/nfx/slrp/htmltable/table_finder.go:73.9,75.3 1 1
github.com/nfx/slrp/htmltable/table_finder.go:78.16,80.3 1 0
github.com/nfx/slrp/htmltable/table_finder.go:84.63,88.42 3 1
github.com/nfx/slrp/htmltable/table_finder.go:91.2,97.64 5 1
github.com/nfx/slrp/htmltable/table_finder.go:104.2,105.32 2 1
github.com/nfx/slrp/htmltable/table_finder.go:110.2,110.20 1 1
github.com/nfx/slrp/htmltable/table_finder.go:141.2,144.47 4 1
github.com/nfx/slrp/htmltable/table_finder.go:156.2,156.11 1 1
github.com/nfx/slrp/htmltable/table_finder.go:88.42,90.3 1 0
github.com/nfx/slrp/htmltable/table_finder.go:97.64,103.3 4 1
github.com/nfx/slrp/htmltable/table_finder.go:105.32,106.24 1 1
github.com/nfx/slrp/htmltable/table_finder.go:106.24,108.4 1 1
github.com/nfx/slrp/htmltable/table_finder.go:110.20,115.65 4 1
github.com/nfx/slrp/htmltable/table_finder.go:119.3,121.34 3 1
github.com/nfx/slrp/htmltable/table_finder.go:139.3,139.24 1 1
github.com/nfx/slrp/htmltable/table_finder.go:115.65,118.4 2 1
github.com/nfx/slrp/htmltable/table_finder.go:121.34,122.27 1 1
github.com/nfx/slrp/htmltable/table_finder.go:126.4,126.26 1 1
github.com/nfx/slrp/htmltable/table_finder.go:136.4,136.39 1 0
github.com/nfx/slrp/htmltable/table_finder.go:122.27,124.13 2 1
github.com/nfx/slrp/htmltable/table_finder.go:126.26,128.29 2 1
github.com/nfx/slrp/htmltable/table_finder.go:133.5,134.13 2 1
github.com/nfx/slrp/htmltable/table_finder.go:128.29,131.6 2 1
github.com/nfx/slrp/htmltable/table_finder.go:144.47,146.71 2 1
github.com/nfx/slrp/htmltable/table_finder.go:154.3,154.33 1 1
github.com/nfx/slrp/htmltable/table_finder.go:146.71,147.22 1 1
github.com/nfx/slrp/htmltable/table_finder.go:151.4,152.15 2 1
github.com/nfx/slrp/htmltable/table_finder.go:147.22,150.5 1 0
github.com/nfx/slrp/htmltable/table_finder.go:159.70,162.38 2 1
github.com/nfx/slrp/htmltable/table_finder.go:185.2,185.30 1 1
github.com/nfx/slrp/htmltable/table_finder.go:189.2,189.32 1 1
github.com/nfx/slrp/htmltable/table_finder.go:162.38,164.31 2 1
github.com/nfx/slrp/htmltable/table_finder.go:172.3,172.37 1 1
github.com/nfx/slrp/htmltable/table_finder.go:164.31,165.40 1 1
github.com/nfx/slrp/htmltable/table_finder.go:165.40,166.22 1 1
github.com/nfx/slrp/htmltable/table_finder.go:166.22,168.6 1 1
github.com/nfx/slrp/htmltable/table_finder.go:172.37,173.32 1 1
github.com/nfx/slrp/htmltable/table_finder.go:182.4,182.15 1 1
github.com/nfx/slrp/htmltable/table_finder.go:173.32,181.5 1 1
github.com/nfx/slrp/htmltable/table_finder.go:185.30,188.3 1 1
github.com/nfx/slrp/htmltable/table_finder.go:192.58,194.16 2 0
github.com/nfx/slrp/htmltable/table_finder.go:197.2,198.40 2 0
github.com/nfx/slrp/htmltable/table_finder.go:201.2,201.33 1 0
github.com/nfx/slrp/htmltable/table_finder.go:204.2,204.12 1 0
github.com/nfx/slrp/htmltable/table_finder.go:194.16,196.3 1 0
github.com/nfx/slrp/htmltable/table_finder.go:198.40,200.3 1 0
github.com/nfx/slrp/htmltable/table_finder.go:201.33,203.3 1 0
github.com/nfx/slrp/htmltable/table_finder.go:207.65,209.16 2 0
github.com/nfx/slrp/htmltable/table_finder.go:212.2,213.40 2 0
github.com/nfx/slrp/htmltable/table_finder.go:216.2,217.33 2 0
github.com/nfx/slrp/htmltable/table_finder.go:220.2,220.12 1 0
github.com/nfx/slrp/htmltable/table_finder.go:209.16,211.3 1 0
github.com/nfx/slrp/htmltable/table_finder.go:213.40,215.3 1 0
github.com/nfx/slrp/htmltable/table_finder.go:217.33,219.3 1 0
github.com/nfx/slrp/htmltable/table_finder.go:223.71,225.16 2 1
github.com/nfx/slrp/htmltable/table_finder.go:228.2,229.40 2 1
github.com/nfx/slrp/htmltable/table_finder.go:232.2,233.33 2 1
github.com/nfx/slrp/htmltable/table_finder.go:236.2,236.12 1 1
github.com/nfx/slrp/htmltable/table_finder.go:225.16,227.3 1 0
github.com/nfx/slrp/htmltable/table_finder.go:229.40,231.3 1 1
github.com/nfx/slrp/htmltable/table_finder.go:233.33,235.3 1 1
github.com/nfx/slrp/htmltable/table_finder.go:239.47,241.31 2 1
github.com/nfx/slrp/htmltable/table_finder.go:244.2,245.35 2 1
github.com/nfx/slrp/htmltable/table_finder.go:248.2,250.39 3 1
github.com/nfx/slrp/htmltable/table_finder.go:262.2,263.16 2 1
github.com/nfx/slrp/htmltable/table_finder.go:266.2,267.40 2 1
github.com/nfx/slrp/htmltable/table_finder.go:274.2,274.12 1 1
github.com/nfx/slrp/htmltable/table_finder.go:287.2,287.12 1 1
github.com/nfx/slrp/htmltable/table_finder.go:241.31,243.3 1 0
github.com/nfx/slrp/htmltable/table_finder.go:245.35,247.3 1 0
github.com/nfx/slrp/htmltable/table_finder.go:250.39,253.19 3 1
github.com/nfx/slrp/htmltable/table_finder.go:256.3,256.42 1 1
github.com/nfx/slrp/htmltable/table_finder.go:259.3,260.36 2 1
github.com/nfx/slrp/htmltable/table_finder.go:253.19,254.12 1 0
github.com/nfx/slrp/htmltable/table_finder.go:256.42,258.4 1 0
github.com/nfx/slrp/htmltable/table_finder.go:263.16,265.3 1 0
github.com/nfx/slrp/htmltable/table_finder.go:267.40,269.10 2 1
github.com/nfx/slrp/htmltable/table_finder.go:272.3,272.35 1 1
github.com/nfx/slrp/htmltable/table_finder.go:269.10,270.12 1 1
github.com/nfx/slrp/htmltable/table_finder.go:274.12,277.34 1 1
github.com/nfx/slrp/htmltable/table_finder.go:285.3,285.13 1 0
github.com/nfx/slrp/htmltable/table_finder.go:277.34,279.48 2 1
github.com/nfx/slrp/htmltable/table_finder.go:283.4,283.17 1 1
github.com/nfx/slrp/htmltable/table_finder.go:279.48,282.5 1 1
github.com/nfx/slrp/htmltable/table_finder.go:295.37,297.2 1 1
github.com/nfx/slrp/sources/myproxy.go:10.13,17.2 1 1
github.com/nfx/slrp/sources/myproxy.go:20.58,27.27 3 0
github.com/nfx/slrp/sources/myproxy.go:30.2,30.15 1 0
github.com/nfx/slrp/sources/myproxy.go:27.27,29.3 1 0
github.com/nfx/slrp/sources/nntime.go:14.13,21.2 1 1
github.com/nfx/slrp/sources/nntime.go:23.61,35.2 1 0
github.com/nfx/slrp/sources/nntime.go:37.94,41.48 4 0
github.com/nfx/slrp/sources/nntime.go:41.48,43.17 2 0
github.com/nfx/slrp/sources/nntime.go:46.3,47.82 2 0
github.com/nfx/slrp/sources/nntime.go:51.3,51.82 1 0
github.com/nfx/slrp/sources/nntime.go:60.3,60.9 1 0
github.com/nfx/slrp/sources/nntime.go:43.17,45.4 1 0
github.com/nfx/slrp/sources/nntime.go:47.82,50.4 2 0
github.com/nfx/slrp/sources/nntime.go:51.82,54.31 3 0
github.com/nfx/slrp/sources/nntime.go:57.4,58.73 2 0
github.com/nfx/slrp/sources/nntime.go:54.31,56.5 1 0
github.com/nfx/slrp/sources/proxynova.go:13.13,21.2 1 1
github.com/nfx/slrp/sources/proxynova.go:24.57,25.57 1 0
github.com/nfx/slrp/sources/proxynova.go:47.2,48.36 2 0
github.com/nfx/slrp/sources/proxynova.go:51.2,53.38 1 0
github.com/nfx/slrp/sources/proxynova.go:25.57,26.49 1 0
github.com/nfx/slrp/sources/proxynova.go:26.49,29.18 3 0
github.com/nfx/slrp/sources/proxynova.go:32.4,32.66 1 0
github.com/nfx/slrp/sources/proxynova.go:41.4,41.18 1 0
github.com/nfx/slrp/sources/proxynova.go:44.4,44.10 1 0
github.com/nfx/slrp/sources/proxynova.go:29.18,31.5 1 0
github.com/nfx/slrp/sources/proxynova.go:32.66,33.42 1 0
github.com/nfx/slrp/sources/proxynova.go:36.5,39.55 4 0
github.com/nfx/slrp/sources/proxynova.go:33.42,35.6 1 0
github.com/nfx/slrp/sources/proxynova.go:41.18,43.5 1 0
github.com/nfx/slrp/sources/proxynova.go:48.36,50.3 1 0
github.com/nfx/slrp/sources/sources.go:11.13,51.2 1 1
github.com/nfx/slrp/sources/sources.go:53.58,59.2 2 0
github.com/nfx/slrp/sources/sources.go:61.57,67.2 2 0
github.com/nfx/slrp/sources/sources.go:69.55,72.36 3 0
github.com/nfx/slrp/sources/sources.go:81.2,81.15 1 0
github.com/nfx/slrp/sources/sources.go:72.36,73.51 1 0
github.com/nfx/slrp/sources/sources.go:73.51,74.75 1 0
github.com/nfx/slrp/sources/sources.go:74.75,78.5 2 0
github.com/nfx/slrp/sources/spysone.go:21.13,39.2 1 1
github.com/nfx/slrp/sources/spysone.go:41.83,53.16 4 0
github.com/nfx/slrp/sources/spysone.go:56.2,57.15 2 0
github.com/nfx/slrp/sources/spysone.go:60.2,60.76 1 0
github.com/nfx/slrp/sources/spysone.go:80.2,80.19 1 0
github.com/nfx/slrp/sources/spysone.go:53.16,55.3 1 0
github.com/nfx/slrp/sources/spysone.go:57.15,59.3 1 0
github.com/nfx/slrp/sources/spysone.go:60.76,61.42 1 0
github.com/nfx/slrp/sources/spysone.go:61.42,74.18 13 0
github.com/nfx/slrp/sources/spysone.go:77.4,77.33 1 0
github.com/nfx/slrp/sources/spysone.go:74.18,76.5 1 0
github.com/nfx/slrp/sources/spysone.go:83.133,99.16 5 0
github.com/nfx/slrp/sources/spysone.go:102.2,103.81 2 0
github.com/nfx/slrp/sources/spysone.go:112.2,113.60 2 0
github.com/nfx/slrp/sources/spysone.go:127.2,129.95 3 0
github.com/nfx/slrp/sources/spysone.go:99.16,101.3 1 0
github.com/nfx/slrp/sources/spysone.go:103.81,105.35 2 0
github.com/nfx/slrp/sources/spysone.go:110.3,110.39 1 0
github.com/nfx/slrp/sources/spysone.go:105.35,109.4 3 0
github.com/nfx/slrp/sources/spysone.go:113.60,116.35 3 0
github.com/nfx/slrp/sources/spysone.go:124.3,125.22 2 0
github.com/nfx/slrp/sources/spysone.go:116.35,123.4 5 0
github.com/nfx/slrp/sources/spysone.go:129.95,131.3 1 0
github.com/nfx/slrp/sources/checkerproxy.go:15.13,22.2 1 1
github.com/nfx/slrp/sources/checkerproxy.go:25.88,28.16 3 0
github.com/nfx/slrp/sources/checkerproxy.go:31.2,42.34 3 0
github.com/nfx/slrp/sources/checkerproxy.go:71.2,71.19 1 0
github.com/nfx/slrp/sources/checkerproxy.go:28.16,30.3 1 0
github.com/nfx/slrp/sources/checkerproxy.go:42.34,45.17 3 0
github.com/nfx/slrp/sources/checkerproxy.go:48.3,51.17 4 0
github.com/nfx/slrp/sources/checkerproxy.go:54.3,54.31 1 0
github.com/nfx/slrp/sources/checkerproxy.go:45.17,47.4 1 0
github.com/nfx/slrp/sources/checkerproxy.go:51.17,53.4 1 0
github.com/nfx/slrp/sources/checkerproxy.go:54.31,56.11 2 0
github.com/nfx/slrp/sources/checkerproxy.go:60.4,60.23 1 0
github.com/nfx/slrp/sources/checkerproxy.go:64.4,64.29 1 0
github.com/nfx/slrp/sources/checkerproxy.go:68.4,68.63 1 0
github.com/nfx/slrp/sources/checkerproxy.go:56.11,58.13 2 0
github.com/nfx/slrp/sources/checkerproxy.go:60.23,62.13 1 0
github.com/nfx/slrp/sources/checkerproxy.go:64.29,66.13 1 0
github.com/nfx/slrp/sources/freeproxycz.go:15.13,22.2 1 1
github.com/nfx/slrp/sources/freeproxycz.go:25.59,29.57 3 0
github.com/nfx/slrp/sources/freeproxycz.go:53.2,55.26 3 0
github.com/nfx/slrp/sources/freeproxycz.go:59.2,60.36 2 0
github.com/nfx/slrp/sources/freeproxycz.go:69.2,69.15 1 0
github.com/nfx/slrp/sources/freeproxycz.go:29.57,30.49 1 0
github.com/nfx/slrp/sources/freeproxycz.go:30.49,32.18 2 0
github.com/nfx/slrp/sources/freeproxycz.go:35.4,35.73 1 0
github.com/nfx/slrp/sources/freeproxycz.go:47.4,47.18 1 0
github.com/nfx/slrp/sources/freeproxycz.go:50.4,50.10 1 0
github.com/nfx/slrp/sources/freeproxycz.go:32.18,34.5 1 0
github.com/nfx/slrp/sources/freeproxycz.go:35.73,37.22 2 0
github.com/nfx/slrp/sources/freeproxycz.go:40.5,41.19 2 0
github.com/nfx/slrp/sources/freeproxycz.go:44.5,45.33 2 0
github.com/nfx/slrp/sources/freeproxycz.go:37.22,39.6 1 0
github.com/nfx/slrp/sources/freeproxycz.go:41.19,43.6 1 0
github.com/nfx/slrp/sources/freeproxycz.go:47.18,49.5 1 0
github.com/nfx/slrp/sources/freeproxycz.go:55.26,58.3 2 0
github.com/nfx/slrp/sources/freeproxycz.go:60.36,61.56 1 0
github.com/nfx/slrp/sources/freeproxycz.go:61.56,62.75 1 0
github.com/nfx/slrp/sources/freeproxycz.go:62.75,66.5 2 0
github.com/nfx/slrp/sources/init.go:24.31,25.18 1 0
github.com/nfx/slrp/sources/init.go:28.2,28.22 1 0
github.com/nfx/slrp/sources/init.go:35.2,35.36 1 0
github.com/nfx/slrp/sources/init.go:25.18,27.3 1 0
github.com/nfx/slrp/sources/init.go:28.22,30.17 2 0
github.com/nfx/slrp/sources/init.go:33.3,33.19 1 0
github.com/nfx/slrp/sources/init.go:30.17,32.4 1 0
github.com/nfx/slrp/sources/init.go:40.26,41.28 1 0
github.com/nfx/slrp/sources/init.go:47.2,49.3 1 0
github.com/nfx/slrp/sources/init.go:41.28,42.17 1 0
github.com/nfx/slrp/sources/init.go:45.3,45.11 1 0
github.com/nfx/slrp/sources/init.go:42.17,43.12 1 0
github.com/nfx/slrp/sources/init.go:52.33,53.28 1 0
github.com/nfx/slrp/sources/init.go:59.2,61.3 1 0
github.com/nfx/slrp/sources/init.go:53.28,54.21 1 0
github.com/nfx/slrp/sources/init.go:57.3,57.11 1 0
github.com/nfx/slrp/sources/init.go:54.21,55.12 1 0
github.com/nfx/slrp/sources/webanet.go:12.13,20.2 1 1
github.com/nfx/slrp/sources/webanet.go:29.67,36.16 5 0
github.com/nfx/slrp/sources/webanet.go:41.2,41.22 1 0
github.com/nfx/slrp/sources/webanet.go:46.2,46.27 1 0
github.com/nfx/slrp/sources/webanet.go:54.2,55.14 2 0
github.com/nfx/slrp/sources/webanet.go:36.16,40.3 3 0
github.com/nfx/slrp/sources/webanet.go:41.22,45.3 3 0
github.com/nfx/slrp/sources/webanet.go:46.27,47.47 1 0
github.com/nfx/slrp/sources/webanet.go:47.47,49.35 1 0
github.com/nfx/slrp/sources/webanet.go:49.35,51.6 1 0
github.com/nfx/slrp/sources/webanet.go:58.47,60.41 2 0
github.com/nfx/slrp/sources/webanet.go:60.41,61.10 1 0
github.com/nfx/slrp/sources/webanet.go:62.23,62.23 0 0
github.com/nfx/slrp/sources/webanet.go:63.21,64.10 1 0
github.com/nfx/slrp/sources/webanet.go:69.31,71.2 1 0
github.com/nfx/slrp/sources/webanet.go:73.55,77.2 1 0
github.com/nfx/slrp/sources/util.go:34.68,36.16 2 0
github.com/nfx/slrp/sources/util.go:39.2,40.53 2 0
github.com/nfx/slrp/sources/util.go:36.16,38.3 1 0
github.com/nfx/slrp/sources/util.go:43.85,44.55 1 1
github.com/nfx/slrp/sources/util.go:44.55,46.3 1 0
github.com/nfx/slrp/sources/util.go:49.109,50.38 1 0
github.com/nfx/slrp/sources/util.go:50.38,51.74 1 0
github.com/nfx/slrp/sources/util.go:51.74,53.4 1 0
github.com/nfx/slrp/sources/util.go:57.135,58.63 1 0
github.com/nfx/slrp/sources/util.go:58.63,61.3 1 0
github.com/nfx/slrp/sources/util.go:65.68,68.22 3 0
github.com/nfx/slrp/sources/util.go:73.2,73.32 1 0
github.com/nfx/slrp/sources/util.go:76.2,76.8 1 0
github.com/nfx/slrp/sources/util.go:68.22,70.3 1 0
github.com/nfx/slrp/sources/util.go:70.8,72.3 1 0
github.com/nfx/slrp/sources/util.go:73.32,75.3 1 0
github.com/nfx/slrp/sources/util.go:79.106,81.16 2 0
github.com/nfx/slrp/sources/util.go:84.2,85.16 2 0
github.com/nfx/slrp/sources/util.go:88.2,88.60 1 0
github.com/nfx/slrp/sources/util.go:100.2,100.8 1 0
github.com/nfx/slrp/sources/util.go:81.16,83.3 1 0
github.com/nfx/slrp/sources/util.go:85.16,87.3 1 0
github.com/nfx/slrp/sources/util.go:88.60,90.36 2 0
github.com/nfx/slrp/sources/util.go:93.3,93.21 1 0
github.com/nfx/slrp/sources/util.go:98.3,98.30 1 0
github.com/nfx/slrp/sources/util.go:90.36,92.4 1 0
github.com/nfx/slrp/sources/util.go:93.21,97.4 2 0
github.com/nfx/slrp/sources/util.go:118.75,120.22 2 0
github.com/nfx/slrp/sources/util.go:125.2,128.19 4 0
github.com/nfx/slrp/sources/util.go:141.2,142.16 2 0
github.com/nfx/slrp/sources/util.go:145.2,146.22 2 0
github.com/nfx/slrp/sources/util.go:149.2,149.19 1 0
github.com/nfx/slrp/sources/util.go:158.2,158.61 1 0
github.com/nfx/slrp/sources/util.go:162.2,162.28 1 0
github.com/nfx/slrp/sources/util.go:166.2,166.41 1 0
github.com/nfx/slrp/sources/util.go:170.2,170.85 1 0
github.com/nfx/slrp/sources/util.go:174.2,174.26 1 0
github.com/nfx/slrp/sources/util.go:120.22,121.31 1 0
github.com/nfx/slrp/sources/util.go:121.31,123.4 1 0
github.com/nfx/slrp/sources/util.go:128.19,131.44 3 0
github.com/nfx/slrp/sources/util.go:135.3,135.17 1 0
github.com/nfx/slrp/sources/util.go:139.3,139.8 1 0
github.com/nfx/slrp/sources/util.go:131.44,133.12 1 0
github.com/nfx/slrp/sources/util.go:135.17,138.4 1 0
github.com/nfx/slrp/sources/util.go:142.16,144.3 1 0
github.com/nfx/slrp/sources/util.go:146.22,148.3 1 0
github.com/nfx/slrp/sources/util.go:149.19,150.30 1 0
github.com/nfx/slrp/sources/util.go:150.30,152.58 1 0
github.com/nfx/slrp/sources/util.go:152.58,155.5 1 0
github.com/nfx/slrp/sources/util.go:158.61,161.3 1 0
github.com/nfx/slrp/sources/util.go:162.28,165.3 1 0
github.com/nfx/slrp/sources/util.go:166.41,169.3 1 0
github.com/nfx/slrp/sources/util.go:170.85,173.3 1 0
github.com/nfx/slrp/sources/util.go:177.106,179.16 2 0
github.com/nfx/slrp/sources/util.go:182.2,184.16 3 0
github.com/nfx/slrp/sources/util.go:187.2,187.21 1 0
github.com/nfx/slrp/sources/util.go:191.2,191.26 1 0
github.com/nfx/slrp/sources/util.go:179.16,181.3 1 0
github.com/nfx/slrp/sources/util.go:184.16,186.3 1 0
github.com/nfx/slrp/sources/util.go:187.21,190.3 1 0
github.com/nfx/slrp/sources/util.go:194.37,196.16 2 0
github.com/nfx/slrp/sources/util.go:199.2,199.15 1 0
github.com/nfx/slrp/sources/util.go:196.16,198.3 1 0
github.com/nfx/slrp/sources/premproxy.go:17.13,25.2 1 1
github.com/nfx/slrp/sources/premproxy.go:27.65,42.16 3 0
github.com/nfx/slrp/sources/premproxy.go:45.2,46.16 2 0
github.com/nfx/slrp/sources/premproxy.go:49.2,50.16 2 0
github.com/nfx/slrp/sources/premproxy.go:53.2,55.18 3 0
github.com/nfx/slrp/sources/premproxy.go:42.16,44.3 1 0
github.com/nfx/slrp/sources/premproxy.go:46.16,48.3 1 0
github.com/nfx/slrp/sources/premproxy.go:50.16,52.3 1 0
github.com/nfx/slrp/sources/premproxy.go:58.116,61.21 3 0
github.com/nfx/slrp/sources/premproxy.go:64.2,72.16 3 0
github.com/nfx/slrp/sources/premproxy.go:76.2,77.16 2 0
github.com/nfx/slrp/sources/premproxy.go:80.2,80.21 1 0
github.com/nfx/slrp/sources/premproxy.go:61.21,63.3 1 0
github.com/nfx/slrp/sources/premproxy.go:72.16,74.3 1 0
github.com/nfx/slrp/sources/premproxy.go:77.16,79.3 1 0
github.com/nfx/slrp/sources/premproxy.go:83.109,91.16 2 0
github.com/nfx/slrp/sources/premproxy.go:94.2,95.16 2 0
github.com/nfx/slrp/sources/premproxy.go:98.2,98.27 1 0
github.com/nfx/slrp/sources/premproxy.go:91.16,93.3 1 0
github.com/nfx/slrp/sources/premproxy.go:95.16,97.3 1 0
github.com/nfx/slrp/sources/premproxy.go:105.102,106.48 1 0
github.com/nfx/slrp/sources/premproxy.go:106.48,108.17 2 0
github.com/nfx/slrp/sources/premproxy.go:111.3,111.83 1 0
github.com/nfx/slrp/sources/premproxy.go:123.3,123.20 1 0
github.com/nfx/slrp/sources/premproxy.go:108.17,110.4 1 0
github.com/nfx/slrp/sources/premproxy.go:111.83,113.23 2 0
github.com/nfx/slrp/sources/premproxy.go:116.4,117.11 2 0
github.com/nfx/slrp/sources/premproxy.go:120.4,121.48 2 0
github.com/nfx/slrp/sources/premproxy.go:113.23,114.13 1 0
github.com/nfx/slrp/sources/premproxy.go:117.11,118.13 1 0
github.com/nfx/slrp/sources/premproxy.go:127.103,128.48 1 0
github.com/nfx/slrp/sources/premproxy.go:128.48,130.17 2 0
github.com/nfx/slrp/sources/premproxy.go:133.3,133.96 1 0
github.com/nfx/slrp/sources/premproxy.go:145.3,145.20 1 0
github.com/nfx/slrp/sources/premproxy.go:130.17,132.4 1 0
github.com/nfx/slrp/sources/premproxy.go:133.96,135.23 2 0
github.com/nfx/slrp/sources/premproxy.go:138.4,139.11 2 0
github.com/nfx/slrp/sources/premproxy.go:142.4,143.73 2 0
github.com/nfx/slrp/sources/premproxy.go:135.23,136.13 1 0
github.com/nfx/slrp/sources/premproxy.go:139.11,140.13 1 0
github.com/nfx/slrp/sources/premproxy.go:149.57,152.26 3 0
github.com/nfx/slrp/sources/premproxy.go:156.2,157.27 2 0
github.com/nfx/slrp/sources/premproxy.go:161.2,161.10 1 0
github.com/nfx/slrp/sources/premproxy.go:152.26,155.3 2 0
github.com/nfx/slrp/sources/premproxy.go:157.27,160.3 2 0
github.com/nfx/slrp/sources/proxylist.go:16.13,23.2 1 1
github.com/nfx/slrp/sources/proxylist.go:27.60,31.53 4 0
github.com/nfx/slrp/sources/proxylist.go:50.2,51.27 2 0
github.com/nfx/slrp/sources/proxylist.go:55.2,55.15 1 0
github.com/nfx/slrp/sources/proxylist.go:31.53,32.39 1 0
github.com/nfx/slrp/sources/proxylist.go:32.39,34.18 2 0
github.com/nfx/slrp/sources/proxylist.go:37.4,38.67 2 0
github.com/nfx/slrp/sources/proxylist.go:47.4,47.21 1 0
github.com/nfx/slrp/sources/proxylist.go:34.18,36.5 1 0
github.com/nfx/slrp/sources/proxylist.go:38.67,41.19 3 0
github.com/nfx/slrp/sources/proxylist.go:44.5,45.64 2 0
github.com/nfx/slrp/sources/proxylist.go:41.19,43.6 1 0
github.com/nfx/slrp/sources/proxylist.go:51.27,54.3 2 0
github.com/nfx/slrp/sources/try.go:22.46,27.2 1 0
github.com/nfx/slrp/sources/try.go:31.82,32.55 1 1
github.com/nfx/slrp/sources/try.go:32.55,33.43 1 0
github.com/nfx/slrp/sources/try.go:33.43,35.4 1 0
github.com/nfx/slrp/sources/try.go:46.78,49.2 2 0
github.com/nfx/slrp/sources/try.go:51.42,53.2 1 0
github.com/nfx/slrp/sources/try.go:55.40,57.2 1 0
github.com/nfx/slrp/sources/try.go:68.40,70.2 1 0
github.com/nfx/slrp/sources/try.go:77.40,79.2 1 0
github.com/nfx/slrp/sources/try.go:87.38,89.30 2 0
github.com/nfx/slrp/sources/try.go:97.2,97.13 1 0
github.com/nfx/slrp/sources/try.go:100.2,100.12 1 0
github.com/nfx/slrp/sources/try.go:89.30,90.24 1 0
github.com/nfx/slrp/sources/try.go:91.14,92.54 1 0
github.com/nfx/slrp/sources/try.go:93.14,94.54 1 0
github.com/nfx/slrp/sources/try.go:97.13,99.3 1 0
github.com/nfx/slrp/sources/try.go:103.58,108.2 1 0
github.com/nfx/slrp/sources/try.go:110.60,112.2 1 0
github.com/nfx/slrp/sources/try.go:114.62,115.25 1 0
github.com/nfx/slrp/sources/try.go:116.19,118.11 2 0
github.com/nfx/slrp/sources/try.go:119.10,120.37 1 0
github.com/nfx/slrp/sources/try.go:124.58,128.2 3 0
github.com/nfx/slrp/sources/try.go:130.61,136.2 1 0
github.com/nfx/slrp/sources/try.go:138.60,144.6 6 0
github.com/nfx/slrp/sources/try.go:144.6,146.22 2 0
github.com/nfx/slrp/sources/try.go:149.3,150.10 2 0
github.com/nfx/slrp/sources/try.go:146.22,148.4 1 0
github.com/nfx/slrp/sources/try.go:151.21,152.10 1 0
github.com/nfx/slrp/sources/try.go:153.16,156.39 3 0
github.com/nfx/slrp/sources/try.go:171.4,171.18 1 0
github.com/nfx/slrp/sources/try.go:177.4,178.34 2 0
github.com/nfx/slrp/sources/try.go:185.4,185.10 1 0
github.com/nfx/slrp/sources/try.go:156.39,159.33 2 0
github.com/nfx/slrp/sources/try.go:162.5,162.16 1 0
github.com/nfx/slrp/sources/try.go:166.5,169.13 4 0
github.com/nfx/slrp/sources/try.go:159.33,161.6 1 0
github.com/nfx/slrp/sources/try.go:162.16,165.6 2 0
github.com/nfx/slrp/sources/try.go:171.18,175.13 4 0
github.com/nfx/slrp/sources/try.go:178.34,179.12 1 0
github.com/nfx/slrp/sources/try.go:180.23,181.12 1 0
github.com/nfx/slrp/sources/try.go:182.25,182.25 0 0
github.com/nfx/slrp/sources/try.go:196.25,200.2 1 0
github.com/nfx/slrp/sources/try.go:202.70,205.2 2 0
github.com/nfx/slrp/sources/try.go:207.58,209.39 2 0
github.com/nfx/slrp/sources/try.go:216.2,217.43 2 0
github.com/nfx/slrp/sources/try.go:209.39,210.10 1 0
github.com/nfx/slrp/sources/try.go:211.23,211.23 0 0
github.com/nfx/slrp/sources/try.go:212.21,213.10 1 0
github.com/nfx/slrp/sources/try.go:220.48,226.2 4 0
github.com/nfx/slrp/sources/try.go:228.68,229.29 1 0
github.com/nfx/slrp/sources/try.go:233.2,234.14 2 0
github.com/nfx/slrp/sources/try.go:229.29,232.3 2 0
github.com/nfx/slrp/sources/try.go:237.32,238.29 1 0
github.com/nfx/slrp/sources/try.go:244.2,244.12 1 0
github.com/nfx/slrp/sources/try.go:238.29,240.17 2 0
github.com/nfx/slrp/sources/try.go:240.17,242.4 1 0
github.com/nfx/slrp/serve/ca.go:22.67,33.15 3 0
github.com/nfx/slrp/serve/ca.go:39.2,40.16 2 0
github.com/nfx/slrp/serve/ca.go:43.2,47.21 2 0
github.com/nfx/slrp/serve/ca.go:33.15,35.3 1 0
github.com/nfx/slrp/serve/ca.go:35.8,38.3 2 0
github.com/nfx/slrp/serve/ca.go:40.16,42.3 1 0
github.com/nfx/slrp/serve/ca.go:50.43,67.2 2 0
github.com/nfx/slrp/serve/ca.go:69.92,73.16 3 0
github.com/nfx/slrp/serve/ca.go:76.2,78.16 2 0
github.com/nfx/slrp/serve/ca.go:81.2,81.17 1 0
github.com/nfx/slrp/serve/ca.go:73.16,75.3 1 0
github.com/nfx/slrp/serve/ca.go:78.16,80.3 1 0
github.com/nfx/slrp/serve/dashboard.go:23.33,29.2 1 0
github.com/nfx/slrp/serve/dashboard.go:64.67,69.39 5 0
github.com/nfx/slrp/serve/dashboard.go:102.2,106.26 5 0
github.com/nfx/slrp/serve/dashboard.go:115.2,117.36 3 0
github.com/nfx/slrp/serve/dashboard.go:145.2,146.8 2 0
github.com/nfx/slrp/serve/dashboard.go:162.2,162.44 1 0
github.com/nfx/slrp/serve/dashboard.go:168.2,175.8 1 0
github.com/nfx/slrp/serve/dashboard.go:69.39,70.22 1 0
github.com/nfx/slrp/serve/dashboard.go:82.3,82.17 1 0
github.com/nfx/slrp/serve/dashboard.go:85.3,85.22 1 0
github.com/nfx/slrp/serve/dashboard.go:89.3,90.9 2 0
github.com/nfx/slrp/serve/dashboard.go:93.3,94.9 2 0
github.com/nfx/slrp/serve/dashboard.go:97.3,97.22 1 0
github.com/nfx/slrp/serve/dashboard.go:70.22,72.10 2 0
github.com/nfx/slrp/serve/dashboard.go:75.4,76.10 2 0
github.com/nfx/slrp/serve/dashboard.go:80.4,80.19 1 0
github.com/nfx/slrp/serve/dashboard.go:72.10,73.13 1 0
github.com/nfx/slrp/serve/dashboard.go:76.10,77.13 1 0
github.com/nfx/slrp/serve/dashboard.go:82.17,83.12 1 0
github.com/nfx/slrp/serve/dashboard.go:85.22,88.4 1 0
github.com/nfx/slrp/serve/dashboard.go:90.9,91.12 1 0
github.com/nfx/slrp/serve/dashboard.go:94.9,95.12 1 0
github.com/nfx/slrp/serve/dashboard.go:97.22,100.4 1 0
github.com/nfx/slrp/serve/dashboard.go:106.26,107.42 1 0
github.com/nfx/slrp/serve/dashboard.go:107.42,110.14 3 0
github.com/nfx/slrp/serve/dashboard.go:110.14,112.5 1 0
github.com/nfx/slrp/serve/dashboard.go:117.36,119.22 2 0
github.com/nfx/slrp/serve/dashboard.go:122.3,143.5 2 0
github.com/nfx/slrp/serve/dashboard.go:119.22,121.4 1 0
github.com/nfx/slrp/serve/dashboard.go:146.8,161.3 1 0
github.com/nfx/slrp/serve/dashboard.go:162.44,167.3 1 0
github.com/nfx/slrp/serve/mitm_proxy.go:25.75,31.2 1 0
github.com/nfx/slrp/serve/mitm_proxy.go:33.52,36.2 2 0
github.com/nfx/slrp/serve/mitm_proxy.go:38.46,49.2 2 0
github.com/nfx/slrp/serve/mitm_proxy.go:51.80,56.27 5 0
github.com/nfx/slrp/serve/mitm_proxy.go:60.2,60.26 1 0
github.com/nfx/slrp/serve/mitm_proxy.go:56.27,59.3 2 0
github.com/nfx/slrp/serve/mitm_proxy.go:63.54,65.6 2 0
github.com/nfx/slrp/serve/mitm_proxy.go:65.6,67.10 2 0
github.com/nfx/slrp/serve/mitm_proxy.go:68.21,69.10 1 0
github.com/nfx/slrp/serve/mitm_proxy.go:70.30,70.30 0 0
github.com/nfx/slrp/serve/mitm_proxy.go:75.87,79.16 4 0
github.com/nfx/slrp/serve/mitm_proxy.go:84.2,84.21 1 0
github.com/nfx/slrp/serve/mitm_proxy.go:87.2,87.32 1 0
github.com/nfx/slrp/serve/mitm_proxy.go:92.2,93.21 2 0
github.com/nfx/slrp/serve/mitm_proxy.go:96.2,97.16 2 0
github.com/nfx/slrp/serve/mitm_proxy.go:79.16,83.3 3 0
github.com/nfx/slrp/serve/mitm_proxy.go:84.21,86.3 1 0
github.com/nfx/slrp/serve/mitm_proxy.go:87.32,88.24 1 0
github.com/nfx/slrp/serve/mitm_proxy.go:88.24,90.4 1 0
github.com/nfx/slrp/serve/mitm_proxy.go:93.21,95.3 1 0
github.com/nfx/slrp/serve/mitm_proxy.go:97.16,100.3 2 0
github.com/nfx/slrp/serve/mitm_proxy.go:103.84,106.9 3 0
github.com/nfx/slrp/serve/mitm_proxy.go:110.2,112.16 3 0
github.com/nfx/slrp/serve/mitm_proxy.go:117.2,117.12 1 0
github.com/nfx/slrp/serve/mitm_proxy.go:106.9,109.3 2 0
github.com/nfx/slrp/serve/mitm_proxy.go:112.16,115.3 2 0
github.com/nfx/slrp/serve/mitm_proxy.go:117.12,119.17 2 0
github.com/nfx/slrp/serve/mitm_proxy.go:123.3,125.7 3 0
github.com/nfx/slrp/serve/mitm_proxy.go:119.17,122.4 2 0
github.com/nfx/slrp/serve/mitm_proxy.go:125.7,127.21 2 0
github.com/nfx/slrp/serve/mitm_proxy.go:130.4,130.18 1 0
github.com/nfx/slrp/serve/mitm_proxy.go:127.21,129.5 1 0
github.com/nfx/slrp/serve/mitm_proxy.go:130.18,133.5 2 0
github.com/nfx/slrp/serve/mitm_proxy.go:138.91,140.16 2 0
github.com/nfx/slrp/serve/mitm_proxy.go:143.2,147.29 2 0
github.com/nfx/slrp/serve/mitm_proxy.go:140.16,142.3 1 0
github.com/nfx/slrp/serve/mitm_proxy.go:150.105,152.16 2 0
github.com/nfx/slrp/serve/mitm_proxy.go:155.2,168.16 3 0
github.com/nfx/slrp/serve/mitm_proxy.go:172.2,172.21 1 0
github.com/nfx/slrp/serve/mitm_proxy.go:175.2,175.23 1 0
github.com/nfx/slrp/serve/mitm_proxy.go:152.16,154.3 1 0
github.com/nfx/slrp/serve/mitm_proxy.go:168.16,171.3 2 0
github.com/nfx/slrp/serve/mitm_proxy.go:172.21,174.3 1 0
github.com/nfx/slrp/checker/checker.go:47.27,49.16 2 1
github.com/nfx/slrp/checker/checker.go:52.2,71.3 5 1
github.com/nfx/slrp/checker/checker.go:49.16,50.51 1 0
github.com/nfx/slrp/checker/checker.go:81.65,85.2 3 0
github.com/nfx/slrp/checker/checker.go:87.100,89.2 1 1
github.com/nfx/slrp/checker/checker.go:91.57,93.30 2 1
github.com/nfx/slrp/checker/checker.go:100.2,100.31 1 1
github.com/nfx/slrp/checker/checker.go:108.2,108.12 1 1
github.com/nfx/slrp/checker/checker.go:93.30,99.3 1 1
github.com/nfx/slrp/checker/checker.go:100.31,107.3 1 1
github.com/nfx/slrp/checker/checker.go:116.86,118.20 2 0
github.com/nfx/slrp/checker/checker.go:121.2,121.16 1 0
github.com/nfx/slrp/checker/checker.go:124.2,125.20 2 0
github.com/nfx/slrp/checker/checker.go:128.2,128.16 1 0
github.com/nfx/slrp/checker/checker.go:131.2,131.15 1 0
github.com/nfx/slrp/checker/checker.go:118.20,120.3 1 0
github.com/nfx/slrp/checker/checker.go:121.16,123.3 1 0
github.com/nfx/slrp/checker/checker.go:125.20,127.3 1 0
github.com/nfx/slrp/checker/checker.go:128.16,130.3 1 0
github.com/nfx/slrp/checker/checker.go:136.83,137.30 1 1
github.com/nfx/slrp/checker/checker.go:144.2,144.12 1 1
github.com/nfx/slrp/checker/checker.go:137.30,143.3 1 1
github.com/nfx/slrp/checker/checker.go:147.88,150.2 2 1
github.com/nfx/slrp/checker/checker.go:159.87,162.32 3 1
github.com/nfx/slrp/checker/checker.go:165.2,166.16 2 1
github.com/nfx/slrp/checker/checker.go:169.2,171.16 3 1
github.com/nfx/slrp/checker/checker.go:174.2,176.16 3 1
github.com/nfx/slrp/checker/checker.go:179.2,181.20 3 1
github.com/nfx/slrp/checker/checker.go:184.2,184.16 1 1
github.com/nfx/slrp/checker/checker.go:187.2,187.35 1 0
github.com/nfx/slrp/checker/checker.go:162.32,164.3 1 1
github.com/nfx/slrp/checker/checker.go:166.16,168.3 1 0
github.com/nfx/slrp/checker/checker.go:171.16,173.3 1 0
github.com/nfx/slrp/checker/checker.go:176.16,178.3 1 0
github.com/nfx/slrp/checker/checker.go:181.20,183.3 1 0
github.com/nfx/slrp/checker/checker.go:184.16,186.3 1 1
github.com/nfx/slrp/checker/checker.go:190.47,193.74 1 1
github.com/nfx/slrp/checker/checker.go:196.2,196.42 1 1
github.com/nfx/slrp/checker/checker.go:199.2,199.35 1 1
github.com/nfx/slrp/checker/checker.go:202.2,202.50 1 0
github.com/nfx/slrp/checker/checker.go:205.2,205.39 1 0
github.com/nfx/slrp/checker/checker.go:208.2,208.12 1 0
github.com/nfx/slrp/checker/checker.go:193.74,195.3 1 0
github.com/nfx/slrp/checker/checker.go:196.42,198.3 1 0
github.com/nfx/slrp/checker/checker.go:199.35,201.3 1 1
github.com/nfx/slrp/checker/checker.go:202.50,204.3 1 0
github.com/nfx/slrp/checker/checker.go:205.39,207.3 1 0
github.com/nfx/slrp/checker/checker.go:213.40,217.24 4 0
github.com/nfx/slrp/checker/checker.go:220.2,220.13 1 0
github.com/nfx/slrp/checker/checker.go:217.24,219.3 1 0
github.com/nfx/slrp/checker/checker.go:223.31,225.16 2 1
github.com/nfx/slrp/checker/checker.go:228.2,231.22 4 1
github.com/nfx/slrp/checker/checker.go:225.16,227.3 1 0
github.com/nfx/slrp/checker/checker.go:236.37,238.2 1 0
github.com/nfx/slrp/checker/checker.go:240.35,242.2 1 0
github.com/nfx/slrp/checker/checker.go:244.32,250.2 2 1
github.com/nfx/slrp/main.go:21.13,37.2 1 0
